<?xml version="1.0" encoding="UTF-8"?>
<!-- Generated by org.testng.reporters.JUnitReportReporter -->
<testsuite hostname="WKWIN3621512" name="Test.Login" tests="2" failures="0" timestamp="12 Dec 2020 11:17:12 GMT" time="0.009" errors="0">
  <testcase name="logout" time="0.002" classname="Test.Login"/>
  <testcase name="loginw" time="0.007" classname="Test.Login"/>
</testsuite> <!-- Test.Login -->
